


ARM Macro Assembler    Page 1 


    1 00000000         ;Burak Bozdag
    2 00000000         ;150170110
    3 00000000         
    4 00000000         ;Allocate space from memory    
    5 00000000 0000000A 
                       Array_Size
                               EQU              10          ;Declare array size
                                                            
    6 00000000 000007D0 
                       freq    EQU              2000        ;Frequency for the 
                                                            interrupt, optimize
                                                            d value for debugge
                                                            r=2000
    7 00000000         
    8 00000000                 AREA             NEW_ARRAY,DATA, READWRITE ;Defi
                                                            ne this part will w
                                                            rite in data area
    9 00000000                 ALIGN
   10 00000000         __Array_Start
   11 00000000 00 00 00 
              00 00 00 
              00 00 00 
              00       Array_Mem
                               SPACE            Array_Size  ;Allocate space fro
                                                            m memory 
   12 0000000A         __Array_End
   13 0000000A         
   14 0000000A         
   15 0000000A         ;Our code
   16 0000000A                 AREA             test_array, code, readonly ;Def
                                                            ine this part will 
                                                            write as code
   17 00000000                 ENTRY
   18 00000000                 THUMB
   19 00000000                 ALIGN
   20 00000000         __main  FUNCTION
   21 00000000                 EXPORT           __main
   22 00000000 480E            LDR              r0, =Array_Mem ;Store start add
                                                            ress of the allocat
                                                            ed space
   23 00000002 2100            MOVS             r1, #0      ;Move 0 in the R1 r
                                                            egister
   24 00000004 2200            MOVS             r2, #0      ;i=0
   25 00000006 2A0A    loop1   CMP              r2, #10     ;for i=0, i<=10
   26 00000008 DA02            BGE              cont1       ;Exit from the loop
                                                            1
   27 0000000A C002            STM              r0!, {r1}   ;Write 0 to the arr
                                                            ay
   28 0000000C 3201            ADDS             r2, #1      ;i++
   29 0000000E E7FA            B                loop1       ;Continue to the lo
                                                            op
   30 00000010 480A    cont1   LDR              r0, =Array_Mem ;r0=Array_Mem
   31 00000012         
   32 00000012 2200            MOVS             r2, #0      ;i=0
   33 00000014 2A0A    loop2   CMP              r2, #10     ;for i=0, i<=10
   34 00000016 DA10            BGE              stop        ;Exit from the loop
                                                            1
   35 00000018         
   36 00000018 C004            STM              r0!, {r2}   ;Write i to the arr



ARM Macro Assembler    Page 2 


                                                            ay
   37 0000001A 2301            MOVS             r3, #1      ;r3:waitTime
   38 0000001C 189B            ADDS             r3, r2
   39 0000001E 2464            MOVS             r4, #100    ;r4=100
   40 00000020 4363            MULS             r3, r4, r3  ;waitTime*100
   41 00000022 F000 F802       BL               delayMs
   42 00000026         
   43 00000026 3201            ADDS             r2, #1      ;i++
   44 00000028 E7F4            B                loop2       ;Continue to the lo
                                                            op
   45 0000002A         
   46 0000002A 4C05    delayMs LDR              r4, =freq   ;r4=freq
   47 0000002C 4363            MULS             r3, r4, r3  ;freq*waitTime
   48 0000002E 2600            MOVS             r6, #0      ;j=0
   49 00000030 429E    loop3   CMP              r6, r3      ;for j=0, i<=freq*w
                                                            aitTime
   50 00000032 DA01            BGE              exit        ;Exit from the loop
                                                            
   51 00000034 3601            ADDS             r6, #1      ;j++
   52 00000036 E7FB            B                loop3       ;Continue to the lo
                                                            op
   53 00000038 4770    exit    BX               LR
   54 0000003A         
   55 0000003A E7FE    stop    B                stop        ;Infinite loop
   56 0000003C                 ENDFUNC
   57 0000003C                 END
              00000000 
              000007D0 
Command Line: --debug --xref --diag_suppress=9931 --cpu=Cortex-M0+ --apcs=inter
work --depend=.\objects\assembly_file.d -o.\objects\assembly_file.o -I.\RTE\Com
piler -I.\RTE\RTOS -I.\RTE\_Target_1 -IC:\Users\Burak\AppData\Local\Arm\Packs\A
RM\CMSIS-FreeRTOS\10.2.0\CMSIS\RTOS2\FreeRTOS\Include -IC:\Users\Burak\AppData\
Local\Arm\Packs\ARM\CMSIS-FreeRTOS\10.2.0\CMSIS\RTOS2\FreeRTOS\Include1 -IC:\Us
ers\Burak\AppData\Local\Arm\Packs\ARM\CMSIS-FreeRTOS\10.2.0\Source\include -IC:
\Users\Burak\AppData\Local\Arm\Packs\ARM\CMSIS-FreeRTOS\10.2.0\Source\portable\
RVDS\ARM_CM0 -IC:\Users\Burak\AppData\Local\Arm\Packs\ARM\CMSIS\5.6.0\CMSIS\Cor
e\Include -IC:\Users\Burak\AppData\Local\Arm\Packs\ARM\CMSIS\5.6.0\CMSIS\DSP\In
clude -IC:\Users\Burak\AppData\Local\Arm\Packs\ARM\CMSIS\5.6.0\CMSIS\NN\Include
 -IC:\Users\Burak\AppData\Local\Arm\Packs\ARM\CMSIS\5.6.0\CMSIS\RTOS2\Include -
IC:\Users\Burak\AppData\Local\Arm\Packs\ARM\CMSIS\5.6.0\Device\ARM\ARMCM0plus\I
nclude -IC:\Users\Burak\AppData\Local\Arm\Packs\Keil\ARM_Compiler\1.6.1\Include
 -IC:\Users\Burak\AppData\Local\Arm\Packs\NXP\EVKB-IMXRT1050_BSP\12.0.0\compone
nt_examples\config --predefine="__EVAL SETA 1" --predefine="__UVISION_VERSION S
ETA 528" --predefine="_RTE_ SETA 1" --predefine="ARMCM0P SETA 1" --list=.\listi
ngs\assembly_file.lst assembly_file.s



ARM Macro Assembler    Page 1 Alphabetic symbol ordering
Relocatable symbols

Array_Mem 00000000

Symbol: Array_Mem
   Definitions
      At line 11 in file assembly_file.s
   Uses
      At line 22 in file assembly_file.s
      At line 30 in file assembly_file.s

NEW_ARRAY 00000000

Symbol: NEW_ARRAY
   Definitions
      At line 8 in file assembly_file.s
   Uses
      None
Comment: NEW_ARRAY unused
__Array_End 0000000A

Symbol: __Array_End
   Definitions
      At line 12 in file assembly_file.s
   Uses
      None
Comment: __Array_End unused
__Array_Start 00000000

Symbol: __Array_Start
   Definitions
      At line 10 in file assembly_file.s
   Uses
      None
Comment: __Array_Start unused
4 symbols



ARM Macro Assembler    Page 1 Alphabetic symbol ordering
Relocatable symbols

__main 00000000

Symbol: __main
   Definitions
      At line 20 in file assembly_file.s
   Uses
      At line 21 in file assembly_file.s
Comment: __main used once
cont1 00000010

Symbol: cont1
   Definitions
      At line 30 in file assembly_file.s
   Uses
      At line 26 in file assembly_file.s
Comment: cont1 used once
delayMs 0000002A

Symbol: delayMs
   Definitions
      At line 46 in file assembly_file.s
   Uses
      At line 41 in file assembly_file.s
Comment: delayMs used once
exit 00000038

Symbol: exit
   Definitions
      At line 53 in file assembly_file.s
   Uses
      At line 50 in file assembly_file.s
Comment: exit used once
loop1 00000006

Symbol: loop1
   Definitions
      At line 25 in file assembly_file.s
   Uses
      At line 29 in file assembly_file.s
Comment: loop1 used once
loop2 00000014

Symbol: loop2
   Definitions
      At line 33 in file assembly_file.s
   Uses
      At line 44 in file assembly_file.s
Comment: loop2 used once
loop3 00000030

Symbol: loop3
   Definitions
      At line 49 in file assembly_file.s
   Uses
      At line 52 in file assembly_file.s
Comment: loop3 used once
stop 0000003A

Symbol: stop



ARM Macro Assembler    Page 2 Alphabetic symbol ordering
Relocatable symbols

   Definitions
      At line 55 in file assembly_file.s
   Uses
      At line 34 in file assembly_file.s
      At line 55 in file assembly_file.s

test_array 00000000

Symbol: test_array
   Definitions
      At line 16 in file assembly_file.s
   Uses
      None
Comment: test_array unused
9 symbols



ARM Macro Assembler    Page 1 Alphabetic symbol ordering
Absolute symbols

Array_Size 0000000A

Symbol: Array_Size
   Definitions
      At line 5 in file assembly_file.s
   Uses
      At line 11 in file assembly_file.s
Comment: Array_Size used once
freq 000007D0

Symbol: freq
   Definitions
      At line 6 in file assembly_file.s
   Uses
      At line 46 in file assembly_file.s
Comment: freq used once
2 symbols
351 symbols in table
